status file for recon-all
Sun Apr 14 06:08:00 UTC 2019
#@# MotionCor Sun Apr 14 06:08:08 UTC 2019
#@# Talairach Sun Apr 14 06:08:18 UTC 2019
#@# Talairach Failure Detection Sun Apr 14 06:10:05 UTC 2019
#@# Nu Intensity Correction Sun Apr 14 06:10:05 UTC 2019
Linux ed4792d592f0 4.9.125-linuxkit #1 SMP Fri Sep 7 08:20:28 UTC 2018 x86_64 x86_64 x86_64 GNU/Linux

recon-all -s sub-01 exited with ERRORS at Sun Apr 14 06:12:08 UTC 2019




New invocation of recon-all 



status file for recon-all
Tue Apr 30 09:58:10 UTC 2019
#@# Parcellation Stats lh Tue Apr 30 09:58:10 UTC 2019
#@# Cortical Parc 2 lh Tue Apr 30 09:59:00 UTC 2019
#@# Parcellation Stats 2 lh Tue Apr 30 09:59:13 UTC 2019
#@# Cortical Parc 3 lh Tue Apr 30 09:59:39 UTC 2019
#@# Parcellation Stats 3 lh Tue Apr 30 09:59:49 UTC 2019
#@# WM/GM Contrast lh Tue Apr 30 10:00:14 UTC 2019
#@# ASeg Stats Tue Apr 30 10:00:19 UTC 2019
#@# WMParc Tue Apr 30 10:01:09 UTC 2019
#@# BA_exvivo Labels lh Tue Apr 30 10:06:21 UTC 2019
recon-all -s sub-01 finished without error at Tue Apr 30 10:10:15 UTC 2019



New invocation of recon-all 



status file for recon-all
Tue Apr 30 10:10:17 UTC 2019
#@# Parcellation Stats rh Tue Apr 30 10:10:17 UTC 2019
#@# Cortical Parc 2 rh Tue Apr 30 10:11:07 UTC 2019
#@# Parcellation Stats 2 rh Tue Apr 30 10:11:21 UTC 2019
#@# Cortical Parc 3 rh Tue Apr 30 10:11:48 UTC 2019
#@# Parcellation Stats 3 rh Tue Apr 30 10:11:58 UTC 2019
#@# WM/GM Contrast rh Tue Apr 30 10:12:24 UTC 2019
#@# BA_exvivo Labels rh Tue Apr 30 10:12:29 UTC 2019
recon-all -s sub-01 finished without error at Tue Apr 30 10:16:20 UTC 2019
