status file for recon-all
Tue Apr 30 06:42:03 UTC 2019
#@# Tessellate rh Tue Apr 30 06:42:03 UTC 2019
#@# Smooth1 rh Tue Apr 30 06:42:06 UTC 2019
#@# Inflation1 rh Tue Apr 30 06:42:11 UTC 2019
#@# QSphere rh Tue Apr 30 06:42:24 UTC 2019
#@# Fix Topology Copy rh Tue Apr 30 06:43:49 UTC 2019
#@# Fix Topology rh Tue Apr 30 06:43:50 UTC 2019
#@# Make White Surf rh Tue Apr 30 07:07:25 UTC 2019
#@# Smooth2 rh Tue Apr 30 07:10:56 UTC 2019
#@# Inflation2 rh Tue Apr 30 07:11:01 UTC 2019
#@# Curv .H and .K rh Tue Apr 30 07:11:14 UTC 2019
#@# Curvature Stats rh Tue Apr 30 07:12:13 UTC 2019
#@# Sphere rh Tue Apr 30 07:12:17 UTC 2019
#@# Surf Reg rh Tue Apr 30 07:22:53 UTC 2019
#@# Jacobian white rh Tue Apr 30 09:46:52 UTC 2019
#@# AvgCurv rh Tue Apr 30 09:46:54 UTC 2019
#@# Cortical Parc rh Tue Apr 30 09:46:56 UTC 2019
#@# Make Pial Surf rh Tue Apr 30 09:47:06 UTC 2019
#@# Surf Volume rh Tue Apr 30 09:58:01 UTC 2019
recon-all -s sub-01 finished without error at Tue Apr 30 09:58:05 UTC 2019
