status file for recon-all
Tue Apr 30 05:30:55 UTC 2019
#@# Tessellate lh Tue Apr 30 05:30:55 UTC 2019
#@# Smooth1 lh Tue Apr 30 05:30:59 UTC 2019
#@# Inflation1 lh Tue Apr 30 05:31:03 UTC 2019
#@# QSphere lh Tue Apr 30 05:31:17 UTC 2019
#@# Fix Topology Copy lh Tue Apr 30 05:32:40 UTC 2019
#@# Fix Topology lh Tue Apr 30 05:32:40 UTC 2019
#@# Make White Surf lh Tue Apr 30 05:50:32 UTC 2019
#@# Smooth2 lh Tue Apr 30 05:54:08 UTC 2019
#@# Inflation2 lh Tue Apr 30 05:54:13 UTC 2019
#@# Curv .H and .K lh Tue Apr 30 05:54:26 UTC 2019
#@# Curvature Stats lh Tue Apr 30 05:55:26 UTC 2019
#@# Sphere lh Tue Apr 30 05:55:29 UTC 2019
#@# Surf Reg lh Tue Apr 30 06:06:44 UTC 2019
#@# Jacobian white lh Tue Apr 30 06:30:20 UTC 2019
#@# AvgCurv lh Tue Apr 30 06:30:21 UTC 2019
#@# Cortical Parc lh Tue Apr 30 06:30:23 UTC 2019
#@# Make Pial Surf lh Tue Apr 30 06:30:33 UTC 2019
#@# Surf Volume lh Tue Apr 30 06:41:58 UTC 2019
recon-all -s sub-01 finished without error at Tue Apr 30 06:42:01 UTC 2019
